<?xml version="1.0" encoding="UTF-8"?>
<testng-results ignored="0" total="4" passed="4" failed="0" skipped="0">
  <reporter-output>
  </reporter-output>
  <suite started-at="2022-12-16T00:01:53 IST" name="Default suite" finished-at="2022-12-16T00:02:17 IST" duration-ms="23947">
    <groups>
    </groups>
    <test started-at="2022-12-16T00:01:53 IST" name="Default test" finished-at="2022-12-16T00:02:17 IST" duration-ms="23947">
      <class name="org.ictsite.scripts.TestClass">
        <test-method is-config="true" signature="initialization()[pri:0, instance:org.ictsite.scripts.TestClass@32502377]" started-at="2022-12-16T00:01:38 IST" name="initialization" finished-at="2022-12-16T00:01:53 IST" duration-ms="14913" status="PASS">
          <reporter-output>
          </reporter-output>
        </test-method> <!-- initialization -->
        <test-method signature="ValidLoginVerification()[pri:0, instance:org.ictsite.scripts.TestClass@32502377]" started-at="2022-12-16T00:01:53 IST" name="ValidLoginVerification" finished-at="2022-12-16T00:01:59 IST" duration-ms="5926" status="PASS">
          <reporter-output>
          </reporter-output>
        </test-method> <!-- ValidLoginVerification -->
        <test-method signature="ValidHomeVerification()[pri:1, instance:org.ictsite.scripts.TestClass@32502377]" started-at="2022-12-16T00:01:59 IST" name="ValidHomeVerification" finished-at="2022-12-16T00:02:02 IST" duration-ms="3763" status="PASS">
          <reporter-output>
          </reporter-output>
        </test-method> <!-- ValidHomeVerification -->
        <test-method signature="ValidAddEmpVerification()[pri:2, instance:org.ictsite.scripts.TestClass@32502377]" started-at="2022-12-16T00:02:02 IST" name="ValidAddEmpVerification" finished-at="2022-12-16T00:02:10 IST" duration-ms="7733" status="PASS">
          <reporter-output>
          </reporter-output>
        </test-method> <!-- ValidAddEmpVerification -->
        <test-method signature="listEmployee()[pri:3, instance:org.ictsite.scripts.TestClass@32502377]" started-at="2022-12-16T00:02:10 IST" name="listEmployee" finished-at="2022-12-16T00:02:17 IST" duration-ms="6465" status="PASS">
          <reporter-output>
          </reporter-output>
        </test-method> <!-- listEmployee -->
      </class> <!-- org.ictsite.scripts.TestClass -->
    </test> <!-- Default test -->
  </suite> <!-- Default suite -->
</testng-results>
