<?xml version="1.0" encoding="UTF-8"?>
<!-- Generated by org.testng.reporters.JUnitXMLReporter -->
<testsuite ignored="0" hostname="NTP-LAP-836" failures="0" tests="4" name="Default test" time="23.947" errors="0" timestamp="2022-12-16T00:02:17 IST">
  <testcase classname="org.ictsite.scripts.TestClass" name="ValidLoginVerification" time="5.926"/>
  <testcase classname="org.ictsite.scripts.TestClass" name="ValidHomeVerification" time="3.763"/>
  <testcase classname="org.ictsite.scripts.TestClass" name="ValidAddEmpVerification" time="7.733"/>
  <testcase classname="org.ictsite.scripts.TestClass" name="listEmployee" time="6.465"/>
</testsuite> <!-- Default test -->
