<?xml version="1.0" encoding="UTF-8"?>
<!-- Generated by org.testng.reporters.JUnitXMLReporter -->
<testsuite ignored="0" hostname="NTP-LAP-836" failures="0" tests="4" name="Default test" time="9.941" errors="0" timestamp="2022-12-16T00:30:49 IST">
  <testcase classname="org.ictsite.scripts.TestClass" name="ValidLoginVerification" time="2.298"/>
  <testcase classname="org.ictsite.scripts.TestClass" name="ValidHomeVerification" time="1.551"/>
  <testcase classname="org.ictsite.scripts.TestClass" name="ValidAddEmpVerification" time="2.444"/>
  <testcase classname="org.ictsite.scripts.TestClass" name="listEmployee" time="3.574"/>
</testsuite> <!-- Default test -->
